============================================================
  Generated by:           Encounter(R) RTL Compiler RC14.13 - v14.10-s027_1
  Generated on:           Oct 05 2019  11:14:40 am
  Module:                 fsm
  Technology library:     slow_vdd1v0 1.0
  Operating conditions:   PVT_0P9V_125C (balanced_tree)
  Wireload mode:          enclosed
  Area mode:              timing library
============================================================

       Instance        Cells  Cell Area  Net Area  Total Area  Wireload     
----------------------------------------------------------------------------
fsm                      774       1703         0        1703    <none> (D) 
  mul_259_30             216        496         0         496    <none> (D) 
  mul_259_52             199        476         0         476    <none> (D) 
  COUNTDOWN_MODULE       197        429         0         429    <none> (D) 
    dec_sub_35_32_2       62         96         0          96    <none> (D) 
  APERTURE_SETTING_FF      6         26         0          26    <none> (D) 
  SHUTTER_SETTING_FF       5         26         0          26    <none> (D) 
  SHUTTER_DECODER         14         15         0          15    <none> (D) 
  FSTOP_DECODER           13         14         0          14    <none> (D) 

 (D) = wireload is default in technology library
