============================================================
  Generated by:           Encounter(R) RTL Compiler RC14.13 - v14.10-s027_1
  Generated on:           Oct 05 2019  11:14:40 am
  Module:                 fsm
  Technology library:     slow_vdd1v0 1.0
  Operating conditions:   PVT_0P9V_125C (balanced_tree)
  Wireload mode:          enclosed
  Area mode:              timing library
============================================================

                             Leakage   Dynamic    Total   
       Instance       Cells Power(nW) Power(nW) Power(nW) 
----------------------------------------------------------
fsm                     774    32.206 13909.389 13941.596 
  mul_259_30            216     9.026  3785.300  3794.325 
  COUNTDOWN_MODULE      197     8.912  4359.129  4368.041 
    dec_sub_35_32_2      62     2.277  1091.312  1093.589 
  mul_259_52            199     8.387  3197.918  3206.306 
  APERTURE_SETTING_FF     6     0.545   398.717   399.263 
  SHUTTER_SETTING_FF      5     0.528   385.737   386.264 
  SHUTTER_DECODER        14     0.286   151.021   151.307 
  FSTOP_DECODER          13     0.277   112.664   112.941 

