============================================================
  Generated by:           Encounter(R) RTL Compiler RC14.13 - v14.10-s027_1
  Generated on:           Oct 05 2019  11:14:40 am
  Module:                 fsm
  Technology library:     slow_vdd1v0 1.0
  Operating conditions:   PVT_0P9V_125C (balanced_tree)
  Wireload mode:          enclosed
  Area mode:              timing library
============================================================

                               
   Gate    Instances    Area       Library    
----------------------------------------------
ADDFX1            74   379.620    slow_vdd1v0 
AND2X1             5     6.840    slow_vdd1v0 
AND2XL            15    20.520    slow_vdd1v0 
AND3XL             1     2.052    slow_vdd1v0 
AND4XL             1     2.394    slow_vdd1v0 
AO21X1             1     2.394    slow_vdd1v0 
AO22X1             3     8.208    slow_vdd1v0 
AOI21X1            1     1.710    slow_vdd1v0 
AOI21XL            9    15.390    slow_vdd1v0 
AOI221X1           3     7.182    slow_vdd1v0 
AOI222X1           1     3.078    slow_vdd1v0 
AOI22XL           98   201.096    slow_vdd1v0 
AOI2BB1X1          1     2.052    slow_vdd1v0 
AOI31X1            1     2.052    slow_vdd1v0 
CLKXOR2X1          1     2.736    slow_vdd1v0 
DFFHQX1           32   175.104    slow_vdd1v0 
DFFRHQX1           6    36.936    slow_vdd1v0 
DFFRX1             3    20.520    slow_vdd1v0 
DFFSHQX1           1     6.498    slow_vdd1v0 
INVX1             74    50.616    slow_vdd1v0 
INVXL              1     0.684    slow_vdd1v0 
MX2X1              8    19.152    slow_vdd1v0 
NAND2BX1           3     4.104    slow_vdd1v0 
NAND2BXL          11    15.048    slow_vdd1v0 
NAND2XL           78    80.028    slow_vdd1v0 
NAND3BXL           4     6.840    slow_vdd1v0 
NAND3XL            4     6.840    slow_vdd1v0 
NAND4BX1           1     2.394    slow_vdd1v0 
NAND4BXL           1     2.394    slow_vdd1v0 
NAND4XL            3     5.130    slow_vdd1v0 
NOR2BX1            8    10.944    slow_vdd1v0 
NOR2BX2            1     2.736    slow_vdd1v0 
NOR2X1             9     9.234    slow_vdd1v0 
NOR2XL            37    37.962    slow_vdd1v0 
NOR3BX2            1     3.420    slow_vdd1v0 
NOR3BXL            1     2.052    slow_vdd1v0 
NOR3XL             2     3.420    slow_vdd1v0 
NOR4X1             9    15.390    slow_vdd1v0 
OA22X1            21    50.274    slow_vdd1v0 
OAI211X1           5     8.550    slow_vdd1v0 
OAI21XL            7    11.970    slow_vdd1v0 
OAI221X1           5    11.970    slow_vdd1v0 
OAI22XL           59   121.068    slow_vdd1v0 
OAI2BB1X1         39    66.690    slow_vdd1v0 
OAI31X1            4     8.208    slow_vdd1v0 
OAI32X1            1     2.394    slow_vdd1v0 
OR2X1             48    65.664    slow_vdd1v0 
OR3X1              1     2.052    slow_vdd1v0 
SDFFRHQX1          3    24.624    slow_vdd1v0 
TIEHI              1     1.026    slow_vdd1v0 
TIELO              5     5.130    slow_vdd1v0 
XNOR2X1           62   148.428    slow_vdd1v0 
----------------------------------------------
total            774  1702.818                


                                     
   Type    Instances   Area   Area % 
-------------------------------------
sequential        45  263.682   15.5 
inverter          75   51.300    3.0 
logic            654 1387.836   81.5 
-------------------------------------
total            774 1702.818  100.0 

