============================================================
  Generated by:           Encounter(R) RTL Compiler RC14.13 - v14.10-s027_1
  Generated on:           Oct 05 2019  01:46:46 pm
  Module:                 fsm
  Technology library:     slow_vdd1v0 1.0
  Operating conditions:   PVT_0P9V_125C (balanced_tree)
  Wireload mode:          enclosed
  Area mode:              timing library
============================================================

     Pin           Type     Fanout Load Slew Delay Arrival   
                                   (fF) (ps)  (ps)   (ps)    
-------------------------------------------------------------
APERTURE_SETTING_FF
  q_reg[1]/CK                              0             0 R 
  q_reg[1]/Q      DFFRHQX1      10  2.2   59  +252     252 R 
APERTURE_SETTING_FF/q[1] 
FSTOP_DECODER/input_setting[1] 
  g158/A                                        +0     252   
  g158/Y          NAND2XL        2  0.5   89  +103     355 F 
  g149/B                                        +0     355   
  g149/Y          NOR2X1        19  5.4  268  +205     560 R 
FSTOP_DECODER/output_multiplier[1] 
mul_261_30/B[1] 
  g2533/A                                       +0     560   
  g2533/Y         NAND2XL        6  1.3  172  +272     832 F 
  g2532/A                                       +0     832   
  g2532/Y         INVX1          9  1.8   73  +127     958 R 
  g2441/A0                                      +0     958   
  g2441/Y         AOI22XL        2  0.6  157  +161    1120 F 
  g2401/B                                       +0    1120   
  g2401/Y         XNOR2X1        1  0.8   35  +218    1337 R 
  g2370/A                                       +0    1337   
  g2370/CO        ADDFX1         1  0.8   43  +202    1539 R 
  g2361/B                                       +0    1539   
  g2361/CO        ADDFX1         1  0.6   39  +201    1741 R 
  g2355/CI                                      +0    1741   
  g2355/CO        ADDFX1         1  0.6   39  +186    1927 R 
  g2348/CI                                      +0    1927   
  g2348/CO        ADDFX1         1  0.6   39  +186    2113 R 
  g2346/CI                                      +0    2113   
  g2346/CO        ADDFX1         1  0.6   39  +186    2299 R 
  g2344/CI                                      +0    2299   
  g2344/CO        ADDFX1         1  0.6   39  +186    2485 R 
  g2342/CI                                      +0    2485   
  g2342/CO        ADDFX1         1  0.6   39  +186    2671 R 
  g2340/CI                                      +0    2671   
  g2340/CO        ADDFX1         1  0.6   39  +186    2857 R 
  g2338/CI                                      +0    2857   
  g2338/CO        ADDFX1         1  0.6   39  +186    3043 R 
  g2336/CI                                      +0    3043   
  g2336/S         ADDFX1         1  0.4   37  +257    3300 R 
  g2335/A                                       +0    3300   
  g2335/Y         INVX1          2  0.6   30   +40    3340 F 
mul_261_30/Z[12] 
mul_261_52/A[12] 
  g2467/B                                       +0    3340   
  g2467/Y         XNOR2X1        2  0.4   26  +163    3503 R 
  g2418/B1                                      +0    3503   
  g2418/Y         AOI22XL        1  0.5  150   +79    3582 F 
  g2391/CI                                      +0    3582   
  g2391/CO        ADDFX1         1  0.4   37  +220    3802 F 
  g2382/B                                       +0    3802   
  g2382/Y         XNOR2X1        1  0.2   22  +163    3965 R 
  g2374/A                                       +0    3965   
  g2374/Y         XNOR2X1        1  0.4   28  +174    4139 F 
  g2369/B                                       +0    4139   
  g2369/Y         XNOR2X1        1  0.4   26  +162    4301 R 
  g2359/B                                       +0    4301   
  g2359/Y         XNOR2X1        1  0.2   23  +123    4424 F 
  g2342/A                                       +0    4424   
  g2342/Y         XNOR2X1        1  0.2   22  +189    4613 R 
mul_261_52/Z[15] 
g2440/B                                         +0    4613   
g2440/Y           AND2XL         1  0.0   13   +94    4707 R 
output_data[15]   out port                      +0    4707 R 
-------------------------------------------------------------
Timing slack :  UNCONSTRAINED
Start-point  : APERTURE_SETTING_FF/q_reg[1]/CK
End-point    : output_data[15]
