\o Program:		@(#)$CDS: libManager version 6.1.6 - CAT33 08/24/2014 13:49 (sjfnl844) $
\o Sub version:		sub-version  s012 
\o Arguments:		-unmapped -mpssession virtuoso9720 -mpshost ssh-soc 
\o Working Directory:	ssh-soc:/ubc/ece/home/ugrads/p/p5h0b/elec402/ELEC402_projects/proj5/cds
\o 64-bit offsets
\o Qt version: 		4.7.2
\o DB was auto refreshed.
\o changeWorkingDir("/ubc/ece/home/ugrads/p/p5h0b/elec402/ELEC402_projects/proj5/cds") unnecessary.
\o ddSetForcedLib("") unnecessary.
\o Log file is "/ubc/ece/home/ugrads/p/p5h0b/elec402/ELEC402_projects/proj5/cds/libManager.log".
\o Opening libManager window.
\a nrSetWindowVisibility(cdsLibManager "show")
\o MPS service: map window
\a nrSetCurrentWindow(cdsLibManager)
\o Library Manager customization server connected.
\a nrResizeWindow(cdsLibManager list(51 148 1123 687))
\a cdsLibManager->libListBox->value = "ELEC402"
\a cdsLibManager->libLineEdit->value = "ELEC402"
\a cdsLibManager->cellListBox->value = "fsm_VIA1"
\a cdsLibManager->viewListBox->value = "layout"
\a cdsLibManager->viewLineEdit->value = "layout"
\a cdsLibManager->cellListBox->value = "fsm"
\a cdsLibManager->viewLineEdit->value = ""
\a cdsLibManager->viewListBox->value = nil
\a cdsLibManager->viewListBox->value = "layout"
\a cdsLibManager->viewLineEdit->value = "layout"
\a cdsLibManager->cellLineEdit->value = "fsm"
\a cdsLibManager->viewListBox->value = nil
\a cdsLibManager->viewListBox->value = "layout"
\o MPS request: edit design
\a nrListItemAction(cdsLibManager->gdmXTView 0 6)
\a nrSetCurrentWindow(cdsLibManager)
\a nrSetCurrentWindow(cdsLibManager)
\a cdsLibManager->viewListBox->value = nil
\a cdsLibManager->viewListBox->value = "layout"
\o MPS request: edit design
\a nrListItemAction(cdsLibManager->gdmXTView 0 0)
